2024/11/15 15:20:03 [notice] 1#1: using the "epoll" event method
2024/11/15 15:20:03 [notice] 1#1: nginx/1.26.2
2024/11/15 15:20:03 [notice] 1#1: built by gcc 13.2.1 20240309 (Alpine 13.2.1_git20240309) 
2024/11/15 15:20:03 [notice] 1#1: OS: Linux 6.8.0-48-generic
2024/11/15 15:20:03 [notice] 1#1: getrlimit(RLIMIT_NOFILE): 1048576:1048576
2024/11/15 15:20:03 [notice] 1#1: start worker processes
2024/11/15 15:20:03 [notice] 1#1: start worker process 29
2024/11/15 15:20:03 [notice] 1#1: start worker process 30
2024/11/15 15:20:03 [notice] 1#1: start worker process 31
2024/11/15 15:20:03 [notice] 1#1: start worker process 32
2024/11/15 15:20:03 [notice] 1#1: start worker process 33
2024/11/15 15:20:03 [notice] 1#1: start worker process 34
2024/11/15 15:36:52 [notice] 1#1: signal 3 (SIGQUIT) received, shutting down
2024/11/15 15:36:52 [notice] 30#30: gracefully shutting down
2024/11/15 15:36:52 [notice] 30#30: exiting
2024/11/15 15:36:52 [notice] 30#30: exit
2024/11/15 15:36:52 [notice] 29#29: gracefully shutting down
2024/11/15 15:36:52 [notice] 31#31: gracefully shutting down
2024/11/15 15:36:52 [notice] 31#31: exiting
2024/11/15 15:36:52 [notice] 29#29: exiting
2024/11/15 15:36:52 [notice] 31#31: exit
2024/11/15 15:36:52 [notice] 29#29: exit
2024/11/15 15:36:52 [notice] 33#33: gracefully shutting down
2024/11/15 15:36:52 [notice] 33#33: exiting
2024/11/15 15:36:52 [notice] 33#33: exit
2024/11/15 15:36:52 [notice] 34#34: gracefully shutting down
2024/11/15 15:36:52 [notice] 34#34: exiting
2024/11/15 15:36:52 [notice] 32#32: gracefully shutting down
2024/11/15 15:36:52 [notice] 32#32: exiting
2024/11/15 15:36:52 [notice] 34#34: exit
2024/11/15 15:36:52 [notice] 32#32: exit
2024/11/15 15:36:52 [notice] 1#1: signal 17 (SIGCHLD) received from 33
2024/11/15 15:36:52 [notice] 1#1: worker process 30 exited with code 0
2024/11/15 15:36:52 [notice] 1#1: worker process 33 exited with code 0
2024/11/15 15:36:52 [notice] 1#1: signal 29 (SIGIO) received
2024/11/15 15:36:52 [notice] 1#1: signal 17 (SIGCHLD) received from 31
2024/11/15 15:36:52 [notice] 1#1: worker process 29 exited with code 0
2024/11/15 15:36:52 [notice] 1#1: worker process 31 exited with code 0
2024/11/15 15:36:52 [notice] 1#1: worker process 32 exited with code 0
2024/11/15 15:36:52 [notice] 1#1: signal 29 (SIGIO) received
2024/11/15 15:36:52 [notice] 1#1: signal 17 (SIGCHLD) received from 34
2024/11/15 15:36:52 [notice] 1#1: worker process 34 exited with code 0
2024/11/15 15:36:52 [notice] 1#1: exit
2024/11/15 15:36:57 [notice] 1#1: using the "epoll" event method
2024/11/15 15:36:57 [notice] 1#1: nginx/1.26.2
2024/11/15 15:36:57 [notice] 1#1: built by gcc 13.2.1 20240309 (Alpine 13.2.1_git20240309) 
2024/11/15 15:36:57 [notice] 1#1: OS: Linux 6.8.0-48-generic
2024/11/15 15:36:57 [notice] 1#1: getrlimit(RLIMIT_NOFILE): 1048576:1048576
2024/11/15 15:36:57 [notice] 1#1: start worker processes
2024/11/15 15:36:57 [notice] 1#1: start worker process 29
2024/11/15 15:36:57 [notice] 1#1: start worker process 30
2024/11/15 15:36:57 [notice] 1#1: start worker process 31
2024/11/15 15:36:57 [notice] 1#1: start worker process 32
2024/11/15 15:36:57 [notice] 1#1: start worker process 33
2024/11/15 15:36:57 [notice] 1#1: start worker process 34
2024/11/15 16:33:55 [notice] 1#1: signal 3 (SIGQUIT) received, shutting down
2024/11/15 16:33:55 [notice] 29#29: gracefully shutting down
2024/11/15 16:33:55 [notice] 31#31: gracefully shutting down
2024/11/15 16:33:55 [notice] 32#32: gracefully shutting down
2024/11/15 16:33:55 [notice] 29#29: exiting
2024/11/15 16:33:55 [notice] 30#30: gracefully shutting down
2024/11/15 16:33:55 [notice] 31#31: exiting
2024/11/15 16:33:55 [notice] 32#32: exiting
2024/11/15 16:33:55 [notice] 30#30: exiting
2024/11/15 16:33:55 [notice] 29#29: exit
2024/11/15 16:33:55 [notice] 31#31: exit
2024/11/15 16:33:55 [notice] 32#32: exit
2024/11/15 16:33:55 [notice] 30#30: exit
2024/11/15 16:33:55 [notice] 34#34: gracefully shutting down
2024/11/15 16:33:55 [notice] 34#34: exiting
2024/11/15 16:33:55 [notice] 34#34: exit
2024/11/15 16:33:55 [notice] 33#33: gracefully shutting down
2024/11/15 16:33:55 [notice] 33#33: exiting
2024/11/15 16:33:55 [notice] 33#33: exit
2024/11/15 16:33:55 [notice] 1#1: signal 17 (SIGCHLD) received from 32
2024/11/15 16:33:55 [notice] 1#1: worker process 30 exited with code 0
2024/11/15 16:33:55 [notice] 1#1: worker process 32 exited with code 0
2024/11/15 16:33:55 [notice] 1#1: worker process 34 exited with code 0
2024/11/15 16:33:55 [notice] 1#1: signal 29 (SIGIO) received
2024/11/15 16:33:55 [notice] 1#1: signal 17 (SIGCHLD) received from 30
2024/11/15 16:33:55 [notice] 1#1: signal 17 (SIGCHLD) received from 31
2024/11/15 16:33:55 [notice] 1#1: worker process 31 exited with code 0
2024/11/15 16:33:55 [notice] 1#1: signal 29 (SIGIO) received
2024/11/15 16:33:55 [notice] 1#1: signal 17 (SIGCHLD) received from 29
2024/11/15 16:33:55 [notice] 1#1: worker process 29 exited with code 0
2024/11/15 16:33:55 [notice] 1#1: signal 29 (SIGIO) received
2024/11/15 16:33:55 [notice] 1#1: signal 17 (SIGCHLD) received from 33
2024/11/15 16:33:55 [notice] 1#1: worker process 33 exited with code 0
2024/11/15 16:33:55 [notice] 1#1: exit
2024/11/15 16:38:38 [notice] 1#1: using the "epoll" event method
2024/11/15 16:38:38 [notice] 1#1: nginx/1.26.2
2024/11/15 16:38:38 [notice] 1#1: built by gcc 13.2.1 20240309 (Alpine 13.2.1_git20240309) 
2024/11/15 16:38:38 [notice] 1#1: OS: Linux 6.8.0-48-generic
2024/11/15 16:38:38 [notice] 1#1: getrlimit(RLIMIT_NOFILE): 1048576:1048576
2024/11/15 16:38:38 [notice] 1#1: start worker processes
2024/11/15 16:38:38 [notice] 1#1: start worker process 29
2024/11/15 16:38:38 [notice] 1#1: start worker process 30
2024/11/15 16:38:38 [notice] 1#1: start worker process 31
2024/11/15 16:38:38 [notice] 1#1: start worker process 32
2024/11/15 16:38:38 [notice] 1#1: start worker process 33
2024/11/15 16:38:38 [notice] 1#1: start worker process 34
2024/11/15 23:50:54 [notice] 1#1: signal 3 (SIGQUIT) received, shutting down
2024/11/15 23:50:54 [notice] 32#32: gracefully shutting down
2024/11/15 23:50:54 [notice] 32#32: exiting
2024/11/15 23:50:54 [notice] 32#32: exit
2024/11/15 23:50:54 [notice] 30#30: gracefully shutting down
2024/11/15 23:50:54 [notice] 34#34: gracefully shutting down
2024/11/15 23:50:54 [notice] 30#30: exiting
2024/11/15 23:50:54 [notice] 34#34: exiting
2024/11/15 23:50:54 [notice] 30#30: exit
2024/11/15 23:50:54 [notice] 34#34: exit
2024/11/15 23:50:54 [notice] 29#29: gracefully shutting down
2024/11/15 23:50:54 [notice] 29#29: exiting
2024/11/15 23:50:54 [notice] 29#29: exit
2024/11/15 23:50:54 [notice] 31#31: gracefully shutting down
2024/11/15 23:50:54 [notice] 31#31: exiting
2024/11/15 23:50:54 [notice] 31#31: exit
2024/11/15 23:50:54 [notice] 33#33: gracefully shutting down
2024/11/15 23:50:54 [notice] 33#33: exiting
2024/11/15 23:50:54 [notice] 33#33: exit
2024/11/15 23:50:54 [notice] 1#1: signal 17 (SIGCHLD) received from 34
2024/11/15 23:50:54 [notice] 1#1: worker process 32 exited with code 0
2024/11/15 23:50:54 [notice] 1#1: worker process 30 exited with code 0
2024/11/15 23:50:54 [notice] 1#1: worker process 34 exited with code 0
2024/11/15 23:50:54 [notice] 1#1: signal 29 (SIGIO) received
2024/11/15 23:50:54 [notice] 1#1: signal 17 (SIGCHLD) received from 30
2024/11/15 23:50:54 [notice] 1#1: signal 17 (SIGCHLD) received from 29
2024/11/15 23:50:54 [notice] 1#1: worker process 29 exited with code 0
2024/11/15 23:50:54 [notice] 1#1: worker process 31 exited with code 0
2024/11/15 23:50:54 [notice] 1#1: signal 29 (SIGIO) received
2024/11/15 23:50:54 [notice] 1#1: signal 17 (SIGCHLD) received from 33
2024/11/15 23:50:54 [notice] 1#1: worker process 33 exited with code 0
2024/11/15 23:50:54 [notice] 1#1: exit
2024/11/16 11:55:15 [notice] 1#1: using the "epoll" event method
2024/11/16 11:55:15 [notice] 1#1: nginx/1.26.2
2024/11/16 11:55:15 [notice] 1#1: built by gcc 13.2.1 20240309 (Alpine 13.2.1_git20240309) 
2024/11/16 11:55:15 [notice] 1#1: OS: Linux 6.8.0-48-generic
2024/11/16 11:55:15 [notice] 1#1: getrlimit(RLIMIT_NOFILE): 1048576:1048576
2024/11/16 11:55:15 [notice] 1#1: start worker processes
2024/11/16 11:55:15 [notice] 1#1: start worker process 29
2024/11/16 11:55:15 [notice] 1#1: start worker process 30
2024/11/16 11:55:15 [notice] 1#1: start worker process 31
2024/11/16 11:55:15 [notice] 1#1: start worker process 32
2024/11/16 11:55:15 [notice] 1#1: start worker process 33
2024/11/16 11:55:15 [notice] 1#1: start worker process 34
2024/11/16 13:35:54 [notice] 1#1: signal 3 (SIGQUIT) received, shutting down
2024/11/16 13:35:54 [notice] 30#30: gracefully shutting down
2024/11/16 13:35:54 [notice] 33#33: gracefully shutting down
2024/11/16 13:35:54 [notice] 30#30: exiting
2024/11/16 13:35:54 [notice] 33#33: exiting
2024/11/16 13:35:54 [notice] 29#29: gracefully shutting down
2024/11/16 13:35:54 [notice] 29#29: exiting
2024/11/16 13:35:54 [notice] 30#30: exit
2024/11/16 13:35:54 [notice] 33#33: exit
2024/11/16 13:35:54 [notice] 29#29: exit
2024/11/16 13:35:54 [notice] 31#31: gracefully shutting down
2024/11/16 13:35:54 [notice] 32#32: gracefully shutting down
2024/11/16 13:35:54 [notice] 31#31: exiting
2024/11/16 13:35:54 [notice] 32#32: exiting
2024/11/16 13:35:54 [notice] 31#31: exit
2024/11/16 13:35:54 [notice] 32#32: exit
2024/11/16 13:35:54 [notice] 34#34: gracefully shutting down
2024/11/16 13:35:54 [notice] 34#34: exiting
2024/11/16 13:35:54 [notice] 34#34: exit
2024/11/16 13:35:54 [notice] 1#1: signal 17 (SIGCHLD) received from 33
2024/11/16 13:35:54 [notice] 1#1: worker process 29 exited with code 0
2024/11/16 13:35:54 [notice] 1#1: worker process 30 exited with code 0
2024/11/16 13:35:54 [notice] 1#1: worker process 31 exited with code 0
2024/11/16 13:35:54 [notice] 1#1: worker process 33 exited with code 0
2024/11/16 13:35:54 [notice] 1#1: signal 29 (SIGIO) received
2024/11/16 13:35:54 [notice] 1#1: signal 17 (SIGCHLD) received from 31
2024/11/16 13:35:54 [notice] 1#1: signal 17 (SIGCHLD) received from 34
2024/11/16 13:35:54 [notice] 1#1: worker process 34 exited with code 0
2024/11/16 13:35:54 [notice] 1#1: signal 29 (SIGIO) received
2024/11/16 13:35:54 [notice] 1#1: signal 17 (SIGCHLD) received from 32
2024/11/16 13:35:54 [notice] 1#1: worker process 32 exited with code 0
2024/11/16 13:35:54 [notice] 1#1: exit
2024/11/16 13:36:01 [notice] 1#1: using the "epoll" event method
2024/11/16 13:36:01 [notice] 1#1: nginx/1.26.2
2024/11/16 13:36:01 [notice] 1#1: built by gcc 13.2.1 20240309 (Alpine 13.2.1_git20240309) 
2024/11/16 13:36:01 [notice] 1#1: OS: Linux 6.8.0-48-generic
2024/11/16 13:36:01 [notice] 1#1: getrlimit(RLIMIT_NOFILE): 1048576:1048576
2024/11/16 13:36:01 [notice] 1#1: start worker processes
2024/11/16 13:36:01 [notice] 1#1: start worker process 28
2024/11/16 13:36:01 [notice] 1#1: start worker process 29
2024/11/16 13:36:01 [notice] 1#1: start worker process 30
2024/11/16 13:36:01 [notice] 1#1: start worker process 31
2024/11/16 13:36:01 [notice] 1#1: start worker process 32
2024/11/16 13:36:01 [notice] 1#1: start worker process 33
2024/11/16 13:36:06 [notice] 1#1: signal 3 (SIGQUIT) received, shutting down
2024/11/16 13:36:06 [notice] 28#28: gracefully shutting down
2024/11/16 13:36:06 [notice] 30#30: gracefully shutting down
2024/11/16 13:36:06 [notice] 28#28: exiting
2024/11/16 13:36:06 [notice] 30#30: exiting
2024/11/16 13:36:06 [notice] 28#28: exit
2024/11/16 13:36:06 [notice] 30#30: exit
2024/11/16 13:36:06 [notice] 32#32: gracefully shutting down
2024/11/16 13:36:06 [notice] 32#32: exiting
2024/11/16 13:36:06 [notice] 32#32: exit
2024/11/16 13:36:06 [notice] 33#33: gracefully shutting down
2024/11/16 13:36:06 [notice] 33#33: exiting
2024/11/16 13:36:06 [notice] 33#33: exit
2024/11/16 13:36:06 [notice] 29#29: gracefully shutting down
2024/11/16 13:36:06 [notice] 29#29: exiting
2024/11/16 13:36:06 [notice] 29#29: exit
2024/11/16 13:36:06 [notice] 31#31: gracefully shutting down
2024/11/16 13:36:06 [notice] 31#31: exiting
2024/11/16 13:36:06 [notice] 31#31: exit
2024/11/16 13:36:06 [notice] 1#1: signal 17 (SIGCHLD) received from 28
2024/11/16 13:36:06 [notice] 1#1: worker process 28 exited with code 0
2024/11/16 13:36:06 [notice] 1#1: signal 29 (SIGIO) received
2024/11/16 13:36:06 [notice] 1#1: signal 17 (SIGCHLD) received from 30
2024/11/16 13:36:06 [notice] 1#1: worker process 30 exited with code 0
2024/11/16 13:36:06 [notice] 1#1: worker process 33 exited with code 0
2024/11/16 13:36:06 [notice] 1#1: signal 29 (SIGIO) received
2024/11/16 13:36:06 [notice] 1#1: signal 17 (SIGCHLD) received from 32
2024/11/16 13:36:06 [notice] 1#1: worker process 32 exited with code 0
2024/11/16 13:36:06 [notice] 1#1: signal 29 (SIGIO) received
2024/11/16 13:36:06 [notice] 1#1: signal 17 (SIGCHLD) received from 29
2024/11/16 13:36:06 [notice] 1#1: worker process 29 exited with code 0
2024/11/16 13:36:06 [notice] 1#1: signal 29 (SIGIO) received
2024/11/16 13:36:06 [notice] 1#1: signal 17 (SIGCHLD) received from 31
2024/11/16 13:36:06 [notice] 1#1: worker process 31 exited with code 0
2024/11/16 13:36:06 [notice] 1#1: exit
2024/11/16 13:37:30 [notice] 1#1: using the "epoll" event method
2024/11/16 13:37:30 [notice] 1#1: nginx/1.26.2
2024/11/16 13:37:30 [notice] 1#1: built by gcc 13.2.1 20240309 (Alpine 13.2.1_git20240309) 
2024/11/16 13:37:30 [notice] 1#1: OS: Linux 6.8.0-48-generic
2024/11/16 13:37:30 [notice] 1#1: getrlimit(RLIMIT_NOFILE): 1048576:1048576
2024/11/16 13:37:30 [notice] 1#1: start worker processes
2024/11/16 13:37:30 [notice] 1#1: start worker process 29
2024/11/16 13:37:30 [notice] 1#1: start worker process 30
2024/11/16 13:37:30 [notice] 1#1: start worker process 31
2024/11/16 13:37:30 [notice] 1#1: start worker process 32
2024/11/16 13:37:30 [notice] 1#1: start worker process 33
2024/11/16 13:37:30 [notice] 1#1: start worker process 34
2024/11/16 13:39:40 [notice] 1#1: signal 3 (SIGQUIT) received, shutting down
2024/11/16 13:39:40 [notice] 29#29: gracefully shutting down
2024/11/16 13:39:40 [notice] 32#32: gracefully shutting down
2024/11/16 13:39:40 [notice] 30#30: gracefully shutting down
2024/11/16 13:39:40 [notice] 29#29: exiting
2024/11/16 13:39:40 [notice] 32#32: exiting
2024/11/16 13:39:40 [notice] 30#30: exiting
2024/11/16 13:39:40 [notice] 34#34: gracefully shutting down
2024/11/16 13:39:40 [notice] 34#34: exiting
2024/11/16 13:39:40 [notice] 31#31: gracefully shutting down
2024/11/16 13:39:40 [notice] 31#31: exiting
2024/11/16 13:39:40 [notice] 32#32: exit
2024/11/16 13:39:40 [notice] 30#30: exit
2024/11/16 13:39:40 [notice] 34#34: exit
2024/11/16 13:39:40 [notice] 31#31: exit
2024/11/16 13:39:40 [notice] 33#33: gracefully shutting down
2024/11/16 13:39:40 [notice] 33#33: exiting
2024/11/16 13:39:40 [notice] 33#33: exit
2024/11/16 13:39:40 [notice] 29#29: exit
2024/11/16 13:39:40 [notice] 1#1: signal 17 (SIGCHLD) received from 31
2024/11/16 13:39:40 [notice] 1#1: worker process 31 exited with code 0
2024/11/16 13:39:40 [notice] 1#1: signal 29 (SIGIO) received
2024/11/16 13:39:40 [notice] 1#1: signal 17 (SIGCHLD) received from 30
2024/11/16 13:39:40 [notice] 1#1: worker process 30 exited with code 0
2024/11/16 13:39:40 [notice] 1#1: worker process 34 exited with code 0
2024/11/16 13:39:40 [notice] 1#1: worker process 32 exited with code 0
2024/11/16 13:39:40 [notice] 1#1: signal 29 (SIGIO) received
2024/11/16 13:39:40 [notice] 1#1: signal 17 (SIGCHLD) received from 34
2024/11/16 13:39:40 [notice] 1#1: signal 17 (SIGCHLD) received from 33
2024/11/16 13:39:40 [notice] 1#1: worker process 29 exited with code 0
2024/11/16 13:39:40 [notice] 1#1: worker process 33 exited with code 0
2024/11/16 13:39:40 [notice] 1#1: exit
2024/11/16 13:45:03 [notice] 1#1: using the "epoll" event method
2024/11/16 13:45:03 [notice] 1#1: nginx/1.26.2
2024/11/16 13:45:03 [notice] 1#1: built by gcc 13.2.1 20240309 (Alpine 13.2.1_git20240309) 
2024/11/16 13:45:03 [notice] 1#1: OS: Linux 6.8.0-48-generic
2024/11/16 13:45:03 [notice] 1#1: getrlimit(RLIMIT_NOFILE): 1048576:1048576
2024/11/16 13:45:03 [notice] 1#1: start worker processes
2024/11/16 13:45:03 [notice] 1#1: start worker process 29
2024/11/16 13:45:03 [notice] 1#1: start worker process 30
2024/11/16 13:45:03 [notice] 1#1: start worker process 31
2024/11/16 13:45:03 [notice] 1#1: start worker process 32
2024/11/16 13:45:03 [notice] 1#1: start worker process 33
2024/11/16 13:45:03 [notice] 1#1: start worker process 34
2024/11/16 14:30:45 [notice] 1#1: signal 3 (SIGQUIT) received, shutting down
2024/11/16 14:30:45 [notice] 29#29: gracefully shutting down
2024/11/16 14:30:45 [notice] 31#31: gracefully shutting down
2024/11/16 14:30:45 [notice] 32#32: gracefully shutting down
2024/11/16 14:30:45 [notice] 29#29: exiting
2024/11/16 14:30:45 [notice] 31#31: exiting
2024/11/16 14:30:45 [notice] 32#32: exiting
2024/11/16 14:30:45 [notice] 31#31: exit
2024/11/16 14:30:45 [notice] 29#29: exit
2024/11/16 14:30:45 [notice] 32#32: exit
2024/11/16 14:30:45 [notice] 30#30: gracefully shutting down
2024/11/16 14:30:45 [notice] 30#30: exiting
2024/11/16 14:30:45 [notice] 33#33: gracefully shutting down
2024/11/16 14:30:45 [notice] 33#33: exiting
2024/11/16 14:30:45 [notice] 30#30: exit
2024/11/16 14:30:45 [notice] 33#33: exit
2024/11/16 14:30:45 [notice] 34#34: gracefully shutting down
2024/11/16 14:30:45 [notice] 34#34: exiting
2024/11/16 14:30:45 [notice] 34#34: exit
2024/11/16 14:30:45 [notice] 1#1: signal 17 (SIGCHLD) received from 31
2024/11/16 14:30:45 [notice] 1#1: worker process 31 exited with code 0
2024/11/16 14:30:45 [notice] 1#1: worker process 34 exited with code 0
2024/11/16 14:30:45 [notice] 1#1: signal 29 (SIGIO) received
2024/11/16 14:30:45 [notice] 1#1: signal 17 (SIGCHLD) received from 32
2024/11/16 14:30:45 [notice] 1#1: worker process 32 exited with code 0
2024/11/16 14:30:45 [notice] 1#1: worker process 33 exited with code 0
2024/11/16 14:30:45 [notice] 1#1: signal 29 (SIGIO) received
2024/11/16 14:30:45 [notice] 1#1: signal 17 (SIGCHLD) received from 33
2024/11/16 14:30:45 [notice] 1#1: signal 17 (SIGCHLD) received from 29
2024/11/16 14:30:45 [notice] 1#1: worker process 29 exited with code 0
2024/11/16 14:30:45 [notice] 1#1: signal 29 (SIGIO) received
2024/11/16 14:30:45 [notice] 1#1: signal 17 (SIGCHLD) received from 30
2024/11/16 14:30:45 [notice] 1#1: worker process 30 exited with code 0
2024/11/16 14:30:45 [notice] 1#1: exit
2024/11/16 14:32:25 [notice] 1#1: using the "epoll" event method
2024/11/16 14:32:25 [notice] 1#1: nginx/1.26.2
2024/11/16 14:32:25 [notice] 1#1: built by gcc 13.2.1 20240309 (Alpine 13.2.1_git20240309) 
2024/11/16 14:32:25 [notice] 1#1: OS: Linux 6.8.0-48-generic
2024/11/16 14:32:25 [notice] 1#1: getrlimit(RLIMIT_NOFILE): 1048576:1048576
2024/11/16 14:32:25 [notice] 1#1: start worker processes
2024/11/16 14:32:25 [notice] 1#1: start worker process 28
2024/11/16 14:32:25 [notice] 1#1: start worker process 29
2024/11/16 14:32:25 [notice] 1#1: start worker process 30
2024/11/16 14:32:25 [notice] 1#1: start worker process 31
2024/11/16 14:32:25 [notice] 1#1: start worker process 32
2024/11/16 14:32:25 [notice] 1#1: start worker process 33
2024/11/16 14:35:50 [notice] 1#1: signal 3 (SIGQUIT) received, shutting down
2024/11/16 14:35:50 [notice] 33#33: gracefully shutting down
2024/11/16 14:35:50 [notice] 33#33: exiting
2024/11/16 14:35:50 [notice] 28#28: gracefully shutting down
2024/11/16 14:35:50 [notice] 28#28: exiting
2024/11/16 14:35:50 [notice] 28#28: exit
2024/11/16 14:35:50 [notice] 29#29: gracefully shutting down
2024/11/16 14:35:50 [notice] 29#29: exiting
2024/11/16 14:35:50 [notice] 30#30: gracefully shutting down
2024/11/16 14:35:50 [notice] 30#30: exiting
2024/11/16 14:35:50 [notice] 29#29: exit
2024/11/16 14:35:50 [notice] 30#30: exit
2024/11/16 14:35:50 [notice] 31#31: gracefully shutting down
2024/11/16 14:35:50 [notice] 31#31: exiting
2024/11/16 14:35:50 [notice] 31#31: exit
2024/11/16 14:35:50 [notice] 32#32: gracefully shutting down
2024/11/16 14:35:50 [notice] 32#32: exiting
2024/11/16 14:35:50 [notice] 32#32: exit
2024/11/16 14:35:50 [notice] 33#33: exit
2024/11/16 14:35:50 [notice] 1#1: signal 17 (SIGCHLD) received from 28
2024/11/16 14:35:50 [notice] 1#1: worker process 28 exited with code 0
2024/11/16 14:35:50 [notice] 1#1: worker process 30 exited with code 0
2024/11/16 14:35:50 [notice] 1#1: signal 29 (SIGIO) received
2024/11/16 14:35:50 [notice] 1#1: signal 17 (SIGCHLD) received from 29
2024/11/16 14:35:50 [notice] 1#1: worker process 29 exited with code 0
2024/11/16 14:35:50 [notice] 1#1: signal 29 (SIGIO) received
2024/11/16 14:35:50 [notice] 1#1: signal 17 (SIGCHLD) received from 32
2024/11/16 14:35:50 [notice] 1#1: worker process 32 exited with code 0
2024/11/16 14:35:50 [notice] 1#1: worker process 33 exited with code 0
2024/11/16 14:35:50 [notice] 1#1: signal 17 (SIGCHLD) received from 33
2024/11/16 14:35:50 [notice] 1#1: worker process 31 exited with code 0
2024/11/16 14:35:50 [notice] 1#1: exit
2024/11/16 14:36:32 [notice] 1#1: using the "epoll" event method
2024/11/16 14:36:32 [notice] 1#1: nginx/1.26.2
2024/11/16 14:36:32 [notice] 1#1: built by gcc 13.2.1 20240309 (Alpine 13.2.1_git20240309) 
2024/11/16 14:36:32 [notice] 1#1: OS: Linux 6.8.0-48-generic
2024/11/16 14:36:32 [notice] 1#1: getrlimit(RLIMIT_NOFILE): 1048576:1048576
2024/11/16 14:36:32 [notice] 1#1: start worker processes
2024/11/16 14:36:32 [notice] 1#1: start worker process 29
2024/11/16 14:36:32 [notice] 1#1: start worker process 30
2024/11/16 14:36:32 [notice] 1#1: start worker process 31
2024/11/16 14:36:32 [notice] 1#1: start worker process 32
2024/11/16 14:36:32 [notice] 1#1: start worker process 33
2024/11/16 14:36:32 [notice] 1#1: start worker process 34
